TN:
SF:src\middleware\auth.js
FN:9,(anonymous_0)
FN:63,(anonymous_1)
FN:64,(anonymous_2)
FN:86,(anonymous_3)
FN:101,(anonymous_4)
FN:117,(anonymous_5)
FN:147,(anonymous_6)
FN:165,(anonymous_7)
FN:168,(anonymous_8)
FN:179,(anonymous_9)
FN:201,(anonymous_10)
FN:205,(anonymous_11)
FNF:12
FNH:0
FNDA:0,(anonymous_0)
FNDA:0,(anonymous_1)
FNDA:0,(anonymous_2)
FNDA:0,(anonymous_3)
FNDA:0,(anonymous_4)
FNDA:0,(anonymous_5)
FNDA:0,(anonymous_6)
FNDA:0,(anonymous_7)
FNDA:0,(anonymous_8)
FNDA:0,(anonymous_9)
FNDA:0,(anonymous_10)
FNDA:0,(anonymous_11)
DA:1,0
DA:2,0
DA:3,0
DA:9,0
DA:13,0
DA:14,0
DA:15,0
DA:17,0
DA:20,0
DA:21,0
DA:24,0
DA:26,0
DA:29,0
DA:30,0
DA:31,0
DA:35,0
DA:36,0
DA:40,0
DA:41,0
DA:45,0
DA:46,0
DA:48,0
DA:50,0
DA:51,0
DA:52,0
DA:53,0
DA:55,0
DA:63,0
DA:64,0
DA:65,0
DA:66,0
DA:70,0
DA:72,0
DA:73,0
DA:79,0
DA:86,0
DA:87,0
DA:88,0
DA:91,0
DA:92,0
DA:95,0
DA:101,0
DA:102,0
DA:103,0
DA:106,0
DA:107,0
DA:110,0
DA:117,0
DA:120,0
DA:121,0
DA:122,0
DA:123,0
DA:126,0
DA:127,0
DA:128,0
DA:129,0
DA:131,0
DA:132,0
DA:133,0
DA:140,0
DA:147,0
DA:148,0
DA:149,0
DA:152,0
DA:154,0
DA:155,0
DA:158,0
DA:165,0
DA:166,0
DA:168,0
DA:169,0
DA:170,0
DA:173,0
DA:174,0
DA:175,0
DA:178,0
DA:179,0
DA:180,0
DA:184,0
DA:186,0
DA:187,0
DA:191,0
DA:192,0
DA:194,0
DA:201,0
DA:203,0
DA:205,0
DA:207,0
DA:208,0
DA:211,0
DA:214,0
DA:217,0
LF:92
LH:0
BRDA:13,0,0,0
BRDA:13,0,1,0
BRDA:13,1,0,0
BRDA:13,1,1,0
BRDA:15,2,0,0
BRDA:15,2,1,0
BRDA:15,3,0,0
BRDA:15,3,1,0
BRDA:20,4,0,0
BRDA:20,4,1,0
BRDA:30,5,0,0
BRDA:30,5,1,0
BRDA:35,6,0,0
BRDA:35,6,1,0
BRDA:40,7,0,0
BRDA:40,7,1,0
BRDA:40,8,0,0
BRDA:40,8,1,0
BRDA:50,9,0,0
BRDA:50,9,1,0
BRDA:52,10,0,0
BRDA:52,10,1,0
BRDA:65,11,0,0
BRDA:65,11,1,0
BRDA:70,12,0,0
BRDA:70,12,1,0
BRDA:72,13,0,0
BRDA:72,13,1,0
BRDA:87,14,0,0
BRDA:87,14,1,0
BRDA:91,15,0,0
BRDA:91,15,1,0
BRDA:102,16,0,0
BRDA:102,16,1,0
BRDA:106,17,0,0
BRDA:106,17,1,0
BRDA:120,18,0,0
BRDA:120,18,1,0
BRDA:120,19,0,0
BRDA:120,19,1,0
BRDA:122,20,0,0
BRDA:122,20,1,0
BRDA:122,21,0,0
BRDA:122,21,1,0
BRDA:126,22,0,0
BRDA:126,22,1,0
BRDA:131,23,0,0
BRDA:131,23,1,0
BRDA:131,24,0,0
BRDA:131,24,1,0
BRDA:148,25,0,0
BRDA:148,25,1,0
BRDA:152,26,0,0
BRDA:152,26,1,0
BRDA:152,26,2,0
BRDA:154,27,0,0
BRDA:154,27,1,0
BRDA:154,28,0,0
BRDA:154,28,1,0
BRDA:165,29,0,0
BRDA:165,30,0,0
BRDA:169,31,0,0
BRDA:169,31,1,0
BRDA:178,32,0,0
BRDA:178,32,1,0
BRDA:184,33,0,0
BRDA:184,33,1,0
BRDA:186,34,0,0
BRDA:186,34,1,0
BRDA:207,35,0,0
BRDA:207,35,1,0
BRDA:207,36,0,0
BRDA:207,36,1,0
BRF:73
BRH:0
end_of_record
TN:
SF:src\middleware\errorHandler.js
FN:4,(anonymous_0)
FN:15,(anonymous_1)
FN:79,(anonymous_2)
FN:79,(anonymous_3)
FN:85,(anonymous_4)
FNF:5
FNH:0
FNDA:0,(anonymous_0)
FNDA:0,(anonymous_1)
FNDA:0,(anonymous_2)
FNDA:0,(anonymous_3)
FNDA:0,(anonymous_4)
DA:1,0
DA:4,0
DA:5,0
DA:6,0
DA:9,0
DA:10,0
DA:14,0
DA:15,0
DA:16,0
DA:24,0
DA:25,0
DA:33,0
DA:34,0
DA:35,0
DA:36,0
DA:44,0
DA:45,0
DA:53,0
DA:54,0
DA:62,0
DA:63,0
DA:71,0
DA:79,0
DA:80,0
DA:86,0
DA:87,0
DA:88,0
DA:89,0
DA:91,0
DA:95,0
LF:30
LH:0
BRDA:9,0,0,0
BRDA:9,0,1,0
BRDA:14,1,0,0
BRDA:14,1,1,0
BRDA:24,2,0,0
BRDA:24,2,1,0
BRDA:33,3,0,0
BRDA:33,3,1,0
BRDA:44,4,0,0
BRDA:44,4,1,0
BRDA:53,5,0,0
BRDA:53,5,1,0
BRDA:62,6,0,0
BRDA:62,6,1,0
BRDA:71,7,0,0
BRDA:71,7,1,0
BRDA:72,8,0,0
BRDA:72,8,1,0
BRDA:73,9,0,0
BRDA:73,9,1,0
BRDA:74,10,0,0
BRDA:74,10,1,0
BRDA:88,11,0,0
BRDA:88,11,1,0
BRF:24
BRH:0
end_of_record
TN:
SF:src\middleware\validation.js
FN:8,(anonymous_0)
FN:9,(anonymous_1)
FN:43,(anonymous_2)
FN:62,(anonymous_3)
FN:69,(anonymous_4)
FN:76,(anonymous_5)
FN:225,(anonymous_6)
FNF:7
FNH:0
FNDA:0,(anonymous_0)
FNDA:0,(anonymous_1)
FNDA:0,(anonymous_2)
FNDA:0,(anonymous_3)
FNDA:0,(anonymous_4)
FNDA:0,(anonymous_5)
FNDA:0,(anonymous_6)
DA:1,0
DA:2,0
DA:8,0
DA:9,0
DA:10,0
DA:16,0
DA:19,0
DA:20,0
DA:24,0
DA:25,0
DA:29,0
DA:30,0
DA:34,0
DA:35,0
DA:39,0
DA:41,0
DA:42,0
DA:43,0
DA:46,0
DA:50,0
DA:51,0
DA:52,0
DA:53,0
DA:55,0
DA:62,0
DA:63,0
DA:69,0
DA:70,0
DA:76,0
DA:77,0
DA:83,0
DA:88,0
DA:95,0
DA:101,0
DA:110,0
DA:133,0
DA:165,0
DA:216,0
DA:225,0
DA:262,0
DA:293,0
DA:311,0
LF:42
LH:0
BRDA:19,0,0,0
BRDA:19,0,1,0
BRDA:19,1,0,0
BRDA:19,1,1,0
BRDA:24,2,0,0
BRDA:24,2,1,0
BRDA:24,3,0,0
BRDA:24,3,1,0
BRDA:29,4,0,0
BRDA:29,4,1,0
BRDA:29,5,0,0
BRDA:29,5,1,0
BRDA:34,6,0,0
BRDA:34,6,1,0
BRDA:34,7,0,0
BRDA:34,7,1,0
BRDA:41,8,0,0
BRDA:41,8,1,0
BRDA:50,9,0,0
BRDA:50,9,1,0
BRDA:51,10,0,0
BRDA:51,10,1,0
BRDA:52,11,0,0
BRDA:52,11,1,0
BRDA:53,12,0,0
BRDA:53,12,1,0
BRF:26
BRH:0
end_of_record
TN:
SF:src\models\Chamber.js
FN:22,(anonymous_0)
FN:33,(anonymous_1)
FN:118,(anonymous_2)
FN:133,(anonymous_3)
FN:139,(anonymous_4)
FN:150,(anonymous_5)
FN:161,(anonymous_6)
FN:173,(anonymous_7)
FN:184,(anonymous_8)
FN:194,(anonymous_9)
FN:196,(anonymous_10)
FN:204,(anonymous_11)
FN:211,(anonymous_12)
FN:217,(anonymous_13)
FN:222,(anonymous_14)
FN:227,(anonymous_15)
FN:272,(anonymous_16)
FN:309,(anonymous_17)
FNF:18
FNH:15
FNDA:17,(anonymous_0)
FNDA:5,(anonymous_1)
FNDA:1,(anonymous_2)
FNDA:131,(anonymous_3)
FNDA:7,(anonymous_4)
FNDA:7,(anonymous_5)
FNDA:3,(anonymous_6)
FNDA:124,(anonymous_7)
FNDA:4,(anonymous_8)
FNDA:2,(anonymous_9)
FNDA:5,(anonymous_10)
FNDA:0,(anonymous_11)
FNDA:0,(anonymous_12)
FNDA:1,(anonymous_13)
FNDA:2,(anonymous_14)
FNDA:0,(anonymous_15)
FNDA:1,(anonymous_16)
FNDA:2,(anonymous_17)
DA:1,4
DA:3,4
DA:23,17
DA:34,5
DA:119,1
DA:120,1
DA:127,4
DA:128,4
DA:129,4
DA:130,4
DA:133,4
DA:134,131
DA:139,4
DA:140,7
DA:142,5
DA:144,5
DA:145,4
DA:146,2
DA:150,4
DA:151,7
DA:153,5
DA:155,5
DA:156,4
DA:157,3
DA:161,4
DA:162,3
DA:163,3
DA:165,3
DA:166,2
DA:167,1
DA:168,1
DA:169,0
DA:173,4
DA:175,124
DA:176,124
DA:177,1
DA:180,123
DA:184,4
DA:185,4
DA:194,4
DA:195,2
DA:196,5
DA:197,1
DA:200,1
DA:204,4
DA:205,0
DA:206,0
DA:207,0
DA:211,4
DA:212,0
DA:213,0
DA:217,4
DA:218,1
DA:222,4
DA:223,2
DA:227,4
DA:228,0
DA:272,4
DA:273,1
DA:274,1
DA:275,1
DA:276,1
DA:279,1
DA:297,1
DA:299,1
DA:309,4
DA:310,2
DA:330,4
LF:68
LH:61
BRDA:23,0,0,17
BRDA:23,0,1,17
BRDA:23,0,2,17
BRDA:23,0,3,17
BRDA:34,1,0,5
BRDA:34,1,1,5
BRDA:34,1,2,5
BRDA:34,1,3,5
BRDA:140,2,0,2
BRDA:140,2,1,5
BRDA:140,3,0,7
BRDA:140,3,1,5
BRDA:144,4,0,1
BRDA:144,4,1,4
BRDA:144,5,0,5
BRDA:144,5,1,5
BRDA:145,6,0,2
BRDA:145,6,1,2
BRDA:145,7,0,4
BRDA:145,7,1,4
BRDA:151,8,0,2
BRDA:151,8,1,5
BRDA:151,9,0,7
BRDA:151,9,1,5
BRDA:155,10,0,1
BRDA:155,10,1,4
BRDA:155,11,0,5
BRDA:155,11,1,5
BRDA:156,12,0,1
BRDA:156,12,1,3
BRDA:156,13,0,4
BRDA:156,13,1,4
BRDA:165,14,0,1
BRDA:165,14,1,2
BRDA:165,15,0,3
BRDA:165,15,1,2
BRDA:166,16,0,1
BRDA:166,16,1,1
BRDA:166,17,0,2
BRDA:166,17,1,1
BRDA:167,18,0,1
BRDA:167,18,1,0
BRDA:167,19,0,1
BRDA:167,19,1,1
BRDA:167,19,2,0
BRDA:167,19,3,0
BRDA:176,20,0,1
BRDA:176,20,1,123
BRDA:186,21,0,4
BRDA:186,21,1,4
BRDA:187,22,0,4
BRDA:187,22,1,4
BRDA:188,23,0,4
BRDA:188,23,1,4
BRDA:189,24,0,4
BRDA:189,24,1,4
BRDA:196,25,0,1
BRDA:196,25,1,1
BRDA:212,26,0,0
BRDA:212,26,1,0
BRDA:297,27,0,1
BRDA:297,27,1,0
BRF:62
BRH:56
end_of_record
TN:
SF:src\models\Location.js
FN:62,(anonymous_0)
FN:73,(anonymous_1)
FN:103,(anonymous_2)
FN:120,(anonymous_3)
FN:125,(anonymous_4)
FN:131,(anonymous_5)
FN:141,(anonymous_6)
FN:147,(anonymous_7)
FN:156,(anonymous_8)
FN:169,(anonymous_9)
FN:175,(anonymous_10)
FN:188,(anonymous_11)
FN:201,(anonymous_12)
FN:210,(anonymous_13)
FN:225,(anonymous_14)
FN:233,(anonymous_15)
FN:241,(anonymous_16)
FN:248,(anonymous_17)
FN:260,(anonymous_18)
FN:267,(anonymous_19)
FN:280,(anonymous_20)
FN:323,(anonymous_21)
FNF:22
FNH:17
FNDA:188,(anonymous_0)
FNDA:193,(anonymous_1)
FNDA:1,(anonymous_2)
FNDA:4,(anonymous_3)
FNDA:8,(anonymous_4)
FNDA:6,(anonymous_5)
FNDA:2,(anonymous_6)
FNDA:190,(anonymous_7)
FNDA:190,(anonymous_8)
FNDA:81,(anonymous_9)
FNDA:2,(anonymous_10)
FNDA:3,(anonymous_11)
FNDA:0,(anonymous_12)
FNDA:0,(anonymous_13)
FNDA:0,(anonymous_14)
FNDA:1,(anonymous_15)
FNDA:1,(anonymous_16)
FNDA:1,(anonymous_17)
FNDA:1,(anonymous_18)
FNDA:0,(anonymous_19)
FNDA:0,(anonymous_20)
FNDA:1,(anonymous_21)
DA:1,3
DA:3,3
DA:63,188
DA:74,193
DA:104,1
DA:105,1
DA:112,3
DA:113,3
DA:114,3
DA:115,3
DA:116,3
DA:117,3
DA:120,3
DA:121,4
DA:125,3
DA:126,8
DA:127,8
DA:131,3
DA:132,6
DA:133,6
DA:134,4
DA:135,3
DA:136,2
DA:137,1
DA:141,3
DA:142,2
DA:143,2
DA:147,3
DA:148,190
DA:149,182
DA:150,182
DA:152,190
DA:156,3
DA:158,190
DA:159,1
DA:163,189
DA:165,189
DA:169,3
DA:170,81
DA:171,81
DA:175,3
DA:176,2
DA:177,1
DA:180,1
DA:181,1
DA:183,1
DA:184,1
DA:188,3
DA:189,3
DA:190,1
DA:193,2
DA:194,2
DA:196,2
DA:197,2
DA:201,3
DA:202,0
DA:203,0
DA:205,0
DA:206,0
DA:210,3
DA:211,0
DA:212,0
DA:214,0
DA:215,0
DA:218,0
DA:225,0
DA:226,0
DA:229,0
DA:233,3
DA:234,1
DA:241,3
DA:242,1
DA:248,3
DA:249,1
DA:250,1
DA:251,0
DA:254,1
DA:260,3
DA:261,1
DA:267,3
DA:268,0
DA:280,3
DA:281,0
DA:282,0
DA:284,0
DA:285,0
DA:288,0
DA:289,0
DA:291,0
DA:292,0
DA:293,0
DA:294,0
DA:295,0
DA:298,0
DA:299,0
DA:300,0
DA:315,0
DA:316,0
DA:319,0
DA:323,3
DA:324,1
DA:326,1
DA:327,1
DA:328,1
DA:330,1
DA:341,1
DA:342,1
DA:344,1
DA:354,3
LF:109
LH:78
BRDA:63,0,0,188
BRDA:63,0,1,188
BRDA:63,0,2,188
BRDA:74,1,0,193
BRDA:74,1,1,193
BRDA:74,1,2,193
BRDA:126,2,0,0
BRDA:126,2,1,8
BRDA:133,3,0,2
BRDA:133,3,1,4
BRDA:134,4,0,1
BRDA:134,4,1,3
BRDA:135,5,0,1
BRDA:135,5,1,2
BRDA:136,6,0,1
BRDA:136,6,1,1
BRDA:148,7,0,182
BRDA:148,7,1,8
BRDA:158,8,0,1
BRDA:158,8,1,189
BRDA:175,9,0,2
BRDA:176,10,0,1
BRDA:176,10,1,1
BRDA:183,11,0,0
BRDA:183,11,1,1
BRDA:188,12,0,3
BRDA:189,13,0,1
BRDA:189,13,1,2
BRDA:196,14,0,0
BRDA:196,14,1,2
BRDA:201,15,0,0
BRDA:205,16,0,0
BRDA:205,16,1,0
BRDA:214,17,0,0
BRDA:214,17,1,0
BRDA:225,18,0,0
BRDA:225,18,1,0
BRDA:233,19,0,1
BRDA:248,20,0,1
BRDA:250,21,0,0
BRDA:250,21,1,1
BRDA:267,22,0,0
BRDA:280,23,0,0
BRDA:284,24,0,0
BRDA:284,24,1,0
BRDA:299,25,0,0
BRDA:299,25,1,0
BRDA:306,26,0,0
BRDA:306,26,1,0
BRDA:306,27,0,0
BRDA:306,27,1,0
BRDA:315,28,0,0
BRDA:315,28,1,0
BRDA:323,29,0,1
BRDA:324,30,0,0
BRDA:324,30,1,1
BRDA:341,31,0,0
BRDA:341,32,0,0
BRDA:341,33,0,1
BRDA:341,33,1,0
BRDA:342,34,0,1
BRDA:342,34,1,0
BRF:62
BRH:34
end_of_record
TN:
SF:src\models\Movement.js
FN:22,(anonymous_0)
FN:36,(anonymous_1)
FN:51,(anonymous_2)
FN:62,(anonymous_3)
FN:156,(anonymous_4)
FN:179,(anonymous_5)
FN:193,(anonymous_6)
FN:204,(anonymous_7)
FN:222,(anonymous_8)
FN:240,(anonymous_9)
FN:264,(anonymous_10)
FN:274,(anonymous_11)
FN:288,(anonymous_12)
FN:298,(anonymous_13)
FN:314,(anonymous_14)
FN:324,(anonymous_15)
FN:342,(anonymous_16)
FN:416,(anonymous_17)
FN:473,(anonymous_18)
FN:488,(anonymous_19)
FNF:20
FNH:20
FNDA:11,(anonymous_0)
FNDA:51,(anonymous_1)
FNDA:58,(anonymous_2)
FNDA:58,(anonymous_3)
FNDA:1,(anonymous_4)
FNDA:2,(anonymous_5)
FNDA:9,(anonymous_6)
FNDA:4,(anonymous_7)
FNDA:55,(anonymous_8)
FNDA:54,(anonymous_9)
FNDA:1,(anonymous_10)
FNDA:1,(anonymous_11)
FNDA:1,(anonymous_12)
FNDA:1,(anonymous_13)
FNDA:1,(anonymous_14)
FNDA:1,(anonymous_15)
FNDA:1,(anonymous_16)
FNDA:1,(anonymous_17)
FNDA:1,(anonymous_18)
FNDA:1,(anonymous_19)
DA:1,2
DA:3,2
DA:24,11
DA:25,11
DA:27,0
DA:38,51
DA:39,49
DA:41,2
DA:52,58
DA:63,58
DA:157,1
DA:158,1
DA:165,2
DA:166,2
DA:167,2
DA:168,2
DA:169,2
DA:170,2
DA:171,2
DA:172,2
DA:173,2
DA:176,2
DA:179,2
DA:180,2
DA:181,2
DA:182,2
DA:183,2
DA:184,2
DA:186,2
DA:187,2
DA:188,2
DA:189,1
DA:193,2
DA:194,9
DA:200,9
DA:204,2
DA:205,4
DA:207,4
DA:209,1
DA:211,0
DA:213,3
DA:215,0
DA:217,0
DA:222,2
DA:224,55
DA:225,1
DA:229,54
DA:230,2
DA:234,54
DA:236,54
DA:240,2
DA:241,54
DA:243,49
DA:245,49
DA:255,49
DA:256,1
DA:260,53
DA:264,2
DA:265,1
DA:266,1
DA:267,1
DA:268,1
DA:270,1
DA:274,2
DA:275,1
DA:280,1
DA:281,1
DA:282,1
DA:284,1
DA:288,2
DA:289,1
DA:298,2
DA:299,1
DA:314,2
DA:315,1
DA:324,2
DA:325,1
DA:333,1
DA:342,2
DA:343,1
DA:352,1
DA:354,0
DA:360,0
DA:362,1
DA:367,1
DA:369,0
DA:373,0
DA:375,0
DA:382,1
DA:412,1
DA:416,2
DA:417,1
DA:418,1
DA:420,1
DA:438,1
DA:443,1
DA:449,1
DA:455,1
DA:473,2
DA:474,1
DA:488,2
DA:489,1
DA:490,1
DA:492,1
DA:529,1
DA:532,2
LF:106
LH:97
BRDA:24,0,0,11
BRDA:24,0,1,0
BRDA:38,1,0,49
BRDA:38,1,1,2
BRDA:52,2,0,58
BRDA:52,2,1,58
BRDA:52,2,2,58
BRDA:63,3,0,58
BRDA:63,3,1,58
BRDA:63,3,2,58
BRDA:186,4,0,0
BRDA:186,4,1,2
BRDA:187,5,0,0
BRDA:187,5,1,2
BRDA:188,6,0,1
BRDA:188,6,1,1
BRDA:200,7,0,9
BRDA:200,7,1,0
BRDA:207,8,0,1
BRDA:207,8,1,0
BRDA:207,8,2,3
BRDA:207,8,3,0
BRDA:207,8,4,0
BRDA:224,9,0,1
BRDA:224,9,1,54
BRDA:224,10,0,55
BRDA:224,10,1,12
BRDA:229,11,0,2
BRDA:229,11,1,52
BRDA:229,12,0,54
BRDA:229,12,1,5
BRDA:241,13,0,49
BRDA:241,13,1,5
BRDA:241,14,0,54
BRDA:241,14,1,52
BRDA:255,15,0,1
BRDA:255,15,1,48
BRDA:264,16,0,0
BRDA:275,17,0,1
BRDA:275,17,1,0
BRDA:281,18,0,1
BRDA:281,18,1,1
BRDA:288,19,0,1
BRDA:298,20,0,1
BRDA:314,21,0,1
BRDA:324,22,0,1
BRDA:342,23,0,0
BRDA:352,24,0,0
BRDA:352,24,1,1
BRDA:352,24,2,0
BRDA:352,24,3,0
BRDA:416,25,0,0
BRDA:462,26,0,1
BRDA:462,26,1,0
BRDA:473,27,0,1
BRDA:488,28,0,0
BRF:56
BRH:40
end_of_record
TN:
SF:src\models\Product.js
FN:47,(anonymous_0)
FN:56,(anonymous_1)
FN:75,(anonymous_2)
FN:136,(anonymous_3)
FN:164,(anonymous_4)
FN:169,(anonymous_5)
FN:178,(anonymous_6)
FN:191,(anonymous_7)
FN:197,(anonymous_8)
FN:210,(anonymous_9)
FN:228,(anonymous_10)
FN:247,(anonymous_11)
FN:295,(anonymous_12)
FN:314,(anonymous_13)
FN:354,(anonymous_14)
FN:365,(anonymous_15)
FN:380,(anonymous_16)
FN:388,(anonymous_17)
FN:405,(anonymous_18)
FN:416,(anonymous_19)
FN:424,(anonymous_20)
FN:432,(anonymous_21)
FN:478,(anonymous_22)
FNF:23
FNH:20
FNDA:87,(anonymous_0)
FNDA:0,(anonymous_1)
FNDA:11,(anonymous_2)
FNDA:1,(anonymous_3)
FNDA:2,(anonymous_4)
FNDA:2,(anonymous_5)
FNDA:5,(anonymous_6)
FNDA:2,(anonymous_7)
FNDA:83,(anonymous_8)
FNDA:83,(anonymous_9)
FNDA:82,(anonymous_10)
FNDA:82,(anonymous_11)
FNDA:82,(anonymous_12)
FNDA:3,(anonymous_13)
FNDA:1,(anonymous_14)
FNDA:1,(anonymous_15)
FNDA:2,(anonymous_16)
FNDA:1,(anonymous_17)
FNDA:0,(anonymous_18)
FNDA:1,(anonymous_19)
FNDA:1,(anonymous_20)
FNDA:0,(anonymous_21)
FNDA:1,(anonymous_22)
DA:1,2
DA:3,2
DA:48,87
DA:57,0
DA:76,11
DA:137,1
DA:138,1
DA:145,2
DA:146,2
DA:147,2
DA:148,2
DA:149,2
DA:150,2
DA:151,2
DA:154,2
DA:164,2
DA:165,2
DA:169,2
DA:170,2
DA:172,2
DA:173,2
DA:174,2
DA:178,2
DA:179,5
DA:181,5
DA:182,5
DA:184,5
DA:185,4
DA:186,3
DA:187,2
DA:191,2
DA:192,2
DA:193,2
DA:197,2
DA:199,83
DA:200,77
DA:204,83
DA:206,83
DA:210,2
DA:212,83
DA:213,69
DA:219,69
DA:220,1
DA:224,82
DA:228,2
DA:229,82
DA:230,68
DA:231,68
DA:232,68
DA:234,68
DA:235,68
DA:239,0
DA:243,82
DA:247,2
DA:248,82
DA:249,82
DA:252,82
DA:253,82
DA:255,82
DA:256,0
DA:257,0
DA:260,82
DA:261,0
DA:262,0
DA:263,82
DA:264,0
DA:265,0
DA:266,82
DA:267,0
DA:268,0
DA:271,82
DA:276,0
DA:288,0
DA:291,0
DA:295,2
DA:296,82
DA:297,82
DA:298,82
DA:300,82
DA:302,72
DA:303,0
DA:307,0
DA:310,82
DA:314,2
DA:315,3
DA:316,3
DA:318,3
DA:319,0
DA:323,3
DA:324,1
DA:328,2
DA:334,2
DA:335,1
DA:338,1
DA:339,1
DA:340,1
DA:341,1
DA:344,1
DA:346,1
DA:354,2
DA:355,1
DA:356,1
DA:357,1
DA:359,1
DA:361,1
DA:365,2
DA:366,1
DA:367,0
DA:370,1
DA:371,1
DA:372,1
DA:374,1
DA:376,1
DA:380,2
DA:381,2
DA:388,2
DA:389,1
DA:390,1
DA:392,1
DA:405,2
DA:406,0
DA:416,2
DA:417,1
DA:424,2
DA:425,1
DA:432,2
DA:433,0
DA:445,0
DA:470,0
DA:478,2
DA:479,1
DA:489,1
DA:524,1
DA:532,2
LF:134
LH:113
BRDA:48,0,0,87
BRDA:48,0,1,87
BRDA:48,0,2,87
BRDA:57,1,0,0
BRDA:57,1,1,0
BRDA:57,1,2,0
BRDA:76,2,0,11
BRDA:76,2,1,11
BRDA:170,3,0,0
BRDA:170,3,1,2
BRDA:179,4,0,0
BRDA:179,4,1,5
BRDA:184,5,0,1
BRDA:184,5,1,4
BRDA:185,6,0,1
BRDA:185,6,1,3
BRDA:186,7,0,1
BRDA:186,7,1,2
BRDA:199,8,0,77
BRDA:199,8,1,6
BRDA:199,9,0,83
BRDA:199,9,1,7
BRDA:199,9,2,6
BRDA:212,10,0,69
BRDA:212,10,1,14
BRDA:212,11,0,83
BRDA:212,11,1,73
BRDA:212,11,2,5
BRDA:219,12,0,1
BRDA:219,12,1,68
BRDA:229,13,0,68
BRDA:229,13,1,14
BRDA:229,14,0,82
BRDA:229,14,1,68
BRDA:234,15,0,68
BRDA:234,15,1,0
BRDA:234,16,0,68
BRDA:234,16,1,68
BRDA:255,17,0,0
BRDA:255,17,1,82
BRDA:260,18,0,0
BRDA:260,18,1,82
BRDA:263,19,0,0
BRDA:263,19,1,82
BRDA:263,20,0,82
BRDA:263,20,1,82
BRDA:266,21,0,0
BRDA:266,21,1,82
BRDA:266,22,0,82
BRDA:266,22,1,0
BRDA:282,23,0,0
BRDA:282,23,1,0
BRDA:300,24,0,72
BRDA:300,24,1,10
BRDA:300,25,0,82
BRDA:300,25,1,82
BRDA:302,26,0,0
BRDA:302,26,1,72
BRDA:314,27,0,3
BRDA:318,28,0,0
BRDA:318,28,1,3
BRDA:323,29,0,1
BRDA:323,29,1,2
BRDA:334,30,0,1
BRDA:334,30,1,1
BRDA:354,31,0,1
BRDA:365,32,0,1
BRDA:366,33,0,0
BRDA:366,33,1,1
BRDA:388,34,0,0
BRF:70
BRH:53
end_of_record
TN:
SF:src\models\SeedType.js
FN:22,(anonymous_0)
FN:33,(anonymous_1)
FN:44,(anonymous_2)
FN:68,(anonymous_3)
FN:83,(anonymous_4)
FN:86,(anonymous_5)
FN:94,(anonymous_6)
FN:110,(anonymous_7)
FN:119,(anonymous_8)
FN:124,(anonymous_9)
FN:139,(anonymous_10)
FN:150,(anonymous_11)
FN:169,(anonymous_12)
FN:178,(anonymous_13)
FNF:14
FNH:14
FNDA:21,(anonymous_0)
FNDA:9,(anonymous_1)
FNDA:84,(anonymous_2)
FNDA:1,(anonymous_3)
FNDA:99,(anonymous_4)
FNDA:205,(anonymous_5)
FNDA:4,(anonymous_6)
FNDA:2,(anonymous_7)
FNDA:1,(anonymous_8)
FNDA:1,(anonymous_9)
FNDA:1,(anonymous_10)
FNDA:2,(anonymous_11)
FNDA:69,(anonymous_12)
FNDA:1,(anonymous_13)
DA:1,3
DA:3,3
DA:23,21
DA:34,9
DA:45,84
DA:69,1
DA:70,1
DA:77,3
DA:78,3
DA:79,3
DA:80,3
DA:83,3
DA:85,99
DA:86,99
DA:87,205
DA:90,99
DA:94,3
DA:95,4
DA:97,3
DA:101,3
DA:104,3
DA:105,2
DA:106,2
DA:110,3
DA:111,2
DA:119,3
DA:120,1
DA:124,3
DA:125,1
DA:139,3
DA:140,1
DA:150,3
DA:151,2
DA:152,2
DA:154,2
DA:155,2
DA:157,2
DA:158,2
DA:161,2
DA:162,2
DA:165,2
DA:169,3
DA:170,69
DA:172,69
DA:173,69
DA:174,69
DA:178,3
DA:179,1
DA:180,1
DA:181,1
DA:187,1
DA:196,3
LF:52
LH:52
BRDA:23,0,0,21
BRDA:23,0,1,21
BRDA:23,0,2,21
BRDA:23,0,3,21
BRDA:34,1,0,9
BRDA:34,1,1,9
BRDA:34,1,2,9
BRDA:34,1,3,9
BRDA:45,2,0,84
BRDA:45,2,1,84
BRDA:45,2,2,84
BRDA:45,2,3,84
BRDA:85,3,0,99
BRDA:85,3,1,0
BRDA:95,4,0,1
BRDA:95,4,1,3
BRDA:97,5,0,3
BRDA:97,5,1,3
BRDA:97,5,2,1
BRDA:97,5,3,1
BRDA:101,6,0,3
BRDA:101,6,1,3
BRDA:104,7,0,1
BRDA:104,7,1,2
BRDA:104,8,0,3
BRDA:104,8,1,1
BRDA:105,9,0,0
BRDA:105,9,1,2
BRDA:105,10,0,2
BRDA:105,10,1,2
BRDA:157,11,0,2
BRDA:157,11,1,0
BRDA:157,12,0,2
BRDA:157,12,1,2
BRDA:161,13,0,2
BRDA:161,13,1,0
BRDA:161,14,0,2
BRDA:161,14,1,2
BRDA:165,15,0,2
BRDA:165,15,1,1
BRDA:169,16,0,0
BRDA:170,17,0,0
BRDA:170,17,1,69
BRDA:192,18,0,1
BRDA:192,18,1,0
BRF:45
BRH:38
end_of_record
TN:
SF:src\models\User.js
FN:49,(anonymous_0)
FN:66,(anonymous_1)
FN:87,(anonymous_2)
FN:104,(anonymous_3)
FN:109,(anonymous_4)
FN:120,(anonymous_5)
FN:125,(anonymous_6)
FN:130,(anonymous_7)
FN:135,(anonymous_8)
FN:140,(anonymous_9)
FN:145,(anonymous_10)
FN:150,(anonymous_11)
FNF:12
FNH:11
FNDA:1,(anonymous_0)
FNDA:106,(anonymous_1)
FNDA:0,(anonymous_2)
FNDA:2,(anonymous_3)
FNDA:2,(anonymous_4)
FNDA:2,(anonymous_5)
FNDA:3,(anonymous_6)
FNDA:2,(anonymous_7)
FNDA:1,(anonymous_8)
FNDA:1,(anonymous_9)
FNDA:2,(anonymous_10)
FNDA:1,(anonymous_11)
DA:1,3
DA:2,3
DA:4,3
DA:50,1
DA:51,1
DA:52,1
DA:53,1
DA:60,3
DA:61,3
DA:62,3
DA:63,3
DA:66,3
DA:68,106
DA:70,105
DA:72,105
DA:73,105
DA:76,105
DA:77,2
DA:80,105
DA:82,0
DA:87,3
DA:88,0
DA:90,0
DA:91,0
DA:92,0
DA:93,0
DA:94,0
DA:96,0
DA:100,0
DA:104,3
DA:105,2
DA:109,3
DA:110,2
DA:111,1
DA:112,1
DA:116,1
DA:120,3
DA:121,2
DA:125,3
DA:126,3
DA:130,3
DA:131,2
DA:135,3
DA:136,1
DA:140,3
DA:141,1
DA:145,3
DA:146,2
DA:150,3
DA:151,1
DA:165,1
DA:172,3
LF:52
LH:43
BRDA:68,0,0,1
BRDA:68,0,1,105
BRDA:72,1,0,105
BRDA:72,1,1,0
BRDA:76,2,0,2
BRDA:76,2,1,103
BRDA:90,3,0,0
BRDA:90,3,1,0
BRDA:92,4,0,0
BRDA:92,4,1,0
BRDA:110,5,0,1
BRDA:110,5,1,1
BRF:12
BRH:7
end_of_record
